cl : 命令行  warning D9025: 正在重写“/MTd”(用“/MDd”)
  ImGuiLayer.cpp
C:\dev\DreamEngine\DreamEngine\src\DreamEngine\Layer.h(21,15): warning C4251: “DreamEngine::Layer::m_DebugName”:“std::basic_string<char,std::char_traits<char>,std::allocator<char>>”需要有 dll 接口以供“DreamEngine::Layer”的客户端使用
  (编译源文件“/src/DreamEngine/ImGui/ImGuiLayer.cpp”)
      C:\Program Files\Microsoft Visual Studio\2022\Community\VC\Tools\MSVC\14.42.34433\include\xstring(527,7):
      参见“std::basic_string<char,std::char_traits<char>,std::allocator<char>>”的声明
  
C:\dev\DreamEngine\DreamEngine\src\DreamEngine\LayerStack.h(24,23): warning C4251: “DreamEngine::LayerStack::m_Layers”:“std::vector<DreamEngine::Layer *,std::allocator<DreamEngine::Layer *>>”需要有 dll 接口以供“DreamEngine::LayerStack”的客户端使用
  (编译源文件“/src/DreamEngine/ImGui/ImGuiLayer.cpp”)
      C:\Program Files\Microsoft Visual Studio\2022\Community\VC\Tools\MSVC\14.42.34433\include\vector(429,7):
      参见“std::vector<DreamEngine::Layer *,std::allocator<DreamEngine::Layer *>>”的声明
  
C:\dev\DreamEngine\DreamEngine\src\DreamEngine\LayerStack.h(25,33): warning C4251: “DreamEngine::LayerStack::m_LayerInsert”:“std::_Vector_iterator<std::_Vector_val<std::_Simple_types<_Ty>>>”需要有 dll 接口以供“DreamEngine::LayerStack”的客户端使用
C:\dev\DreamEngine\DreamEngine\src\DreamEngine\LayerStack.h(25,33): warning C4251:         with
C:\dev\DreamEngine\DreamEngine\src\DreamEngine\LayerStack.h(25,33): warning C4251:         [
C:\dev\DreamEngine\DreamEngine\src\DreamEngine\LayerStack.h(25,33): warning C4251:             _Ty=DreamEngine::Layer *
C:\dev\DreamEngine\DreamEngine\src\DreamEngine\LayerStack.h(25,33): warning C4251:         ]
  (编译源文件“/src/DreamEngine/ImGui/ImGuiLayer.cpp”)
      C:\Program Files\Microsoft Visual Studio\2022\Community\VC\Tools\MSVC\14.42.34433\include\vector(255,7):
      参见“std::_Vector_iterator<std::_Vector_val<std::_Simple_types<_Ty>>>”的声明
          with
          [
              _Ty=DreamEngine::Layer *
          ]
  
C:\dev\DreamEngine\DreamEngine\src\DreamEngine\APP.h(29,27): warning C4251: “DreamEngine::APP::m_Window”:“std::unique_ptr<DreamEngine::Window,std::default_delete<DreamEngine::Window>>”需要有 dll 接口以供“DreamEngine::APP”的客户端使用
  (编译源文件“/src/DreamEngine/ImGui/ImGuiLayer.cpp”)
      C:\Program Files\Microsoft Visual Studio\2022\Community\VC\Tools\MSVC\14.42.34433\include\memory(3335,7):
      参见“std::unique_ptr<DreamEngine::Window,std::default_delete<DreamEngine::Window>>”的声明
  
C:\dev\DreamEngine\DreamEngine\src\DreamEngine\ImGui\ImGuiLayer.cpp(62,80): warning C4244: “参数”: 从“unsigned int”转换到“float”，可能丢失数据
  (编译源文件“/src/DreamEngine/ImGui/ImGuiLayer.cpp”)
  
C:\dev\DreamEngine\DreamEngine\src\DreamEngine\ImGui\ImGuiLayer.cpp(62,51): warning C4244: “参数”: 从“unsigned int”转换到“float”，可能丢失数据
  (编译源文件“/src/DreamEngine/ImGui/ImGuiLayer.cpp”)
  
C:\dev\DreamEngine\DreamEngine\src\DreamEngine\ImGui\ImGuiLayer.cpp(152,52): warning C4244: “参数”: 从“unsigned int”转换到“float”，可能丢失数据
  (编译源文件“/src/DreamEngine/ImGui/ImGuiLayer.cpp”)
  
C:\dev\DreamEngine\DreamEngine\src\DreamEngine\ImGui\ImGuiLayer.cpp(152,37): warning C4244: “参数”: 从“unsigned int”转换到“float”，可能丢失数据
  (编译源文件“/src/DreamEngine/ImGui/ImGuiLayer.cpp”)
  
    正在创建库 ..\bin\Debug-windows-x86_64\DreamEngine\DreamEngine.lib 和对象 ..\bin\Debug-windows-x86_64\DreamEngine\DreamEngine.exp
LINK : warning LNK4098: 默认库“LIBCMT”与其他库的使用冲突；请使用 /NODEFAULTLIB:library
  DreamEngine.vcxproj -> C:\dev\DreamEngine\bin\Debug-windows-x86_64\DreamEngine\DreamEngine.dll
